{"/home/orpira/Desarrollos/peñascal/CursoFrontend/libreriaComponentes/index.js": {"path":"/home/orpira/Desarrollos/peñascal/CursoFrontend/libreriaComponentes/index.js","all":false,"statementMap":{"0":{"start":{"line":1,"column":0},"end":{"line":1,"column":64}},"1":{"start":{"line":2,"column":0},"end":{"line":2,"column":70}},"2":{"start":{"line":3,"column":0},"end":{"line":3,"column":64}},"3":{"start":{"line":4,"column":0},"end":{"line":4,"column":64}},"4":{"start":{"line":5,"column":0},"end":{"line":5,"column":70}}},"s":{"0":1,"1":1,"2":1,"3":1,"4":1},"branchMap":{},"b":{},"fnMap":{},"f":{}}
,"/home/orpira/Desarrollos/peñascal/CursoFrontend/libreriaComponentes/postcss.config.js": {"path":"/home/orpira/Desarrollos/peñascal/CursoFrontend/libreriaComponentes/postcss.config.js","all":true,"statementMap":{"0":{"start":{"line":1,"column":0},"end":{"line":1,"column":16}},"1":{"start":{"line":2,"column":0},"end":{"line":2,"column":12}},"2":{"start":{"line":3,"column":0},"end":{"line":3,"column":20}},"3":{"start":{"line":4,"column":0},"end":{"line":4,"column":21}},"4":{"start":{"line":5,"column":0},"end":{"line":5,"column":4}},"5":{"start":{"line":6,"column":0},"end":{"line":6,"column":1}}},"s":{"0":0,"1":0,"2":0,"3":0,"4":0,"5":0},"branchMap":{"0":{"type":"branch","line":1,"loc":{"start":{"line":1,"column":0},"end":{"line":6,"column":1}},"locations":[{"start":{"line":1,"column":0},"end":{"line":6,"column":1}}]}},"b":{"0":[0]},"fnMap":{"0":{"name":"(empty-report)","decl":{"start":{"line":1,"column":0},"end":{"line":6,"column":1}},"loc":{"start":{"line":1,"column":0},"end":{"line":6,"column":1}},"line":1}},"f":{"0":0}}
,"/home/orpira/Desarrollos/peñascal/CursoFrontend/libreriaComponentes/tailwind.config.js": {"path":"/home/orpira/Desarrollos/peñascal/CursoFrontend/libreriaComponentes/tailwind.config.js","all":true,"statementMap":{"0":{"start":{"line":1,"column":0},"end":{"line":1,"column":43}},"1":{"start":{"line":2,"column":0},"end":{"line":2,"column":16}},"2":{"start":{"line":3,"column":0},"end":{"line":3,"column":63}},"3":{"start":{"line":4,"column":0},"end":{"line":4,"column":10}},"4":{"start":{"line":5,"column":0},"end":{"line":5,"column":15}},"5":{"start":{"line":6,"column":0},"end":{"line":6,"column":4}},"6":{"start":{"line":7,"column":0},"end":{"line":7,"column":14}},"7":{"start":{"line":8,"column":0},"end":{"line":8,"column":2}}},"s":{"0":0,"1":0,"2":0,"3":0,"4":0,"5":0,"6":0,"7":0},"branchMap":{"0":{"type":"branch","line":1,"loc":{"start":{"line":1,"column":0},"end":{"line":8,"column":2}},"locations":[{"start":{"line":1,"column":0},"end":{"line":8,"column":2}}]}},"b":{"0":[0]},"fnMap":{"0":{"name":"(empty-report)","decl":{"start":{"line":1,"column":0},"end":{"line":8,"column":2}},"loc":{"start":{"line":1,"column":0},"end":{"line":8,"column":2}},"line":1}},"f":{"0":0}}
,"/home/orpira/Desarrollos/peñascal/CursoFrontend/libreriaComponentes/src/App.jsx": {"path":"/home/orpira/Desarrollos/peñascal/CursoFrontend/libreriaComponentes/src/App.jsx","all":false,"statementMap":{"1":{"start":{"line":2,"column":0},"end":{"line":2,"column":48}},"4":{"start":{"line":5,"column":0},"end":{"line":5,"column":55}},"6":{"start":{"line":7,"column":0},"end":{"line":7,"column":18}},"7":{"start":{"line":8,"column":0},"end":{"line":8,"column":37}},"8":{"start":{"line":9,"column":0},"end":{"line":9,"column":40}},"9":{"start":{"line":10,"column":0},"end":{"line":10,"column":42}},"10":{"start":{"line":11,"column":0},"end":{"line":11,"column":44}},"11":{"start":{"line":12,"column":0},"end":{"line":12,"column":2}},"13":{"start":{"line":14,"column":0},"end":{"line":14,"column":21}},"14":{"start":{"line":15,"column":0},"end":{"line":15,"column":56}},"15":{"start":{"line":16,"column":0},"end":{"line":16,"column":52}},"16":{"start":{"line":17,"column":0},"end":{"line":17,"column":36}},"17":{"start":{"line":18,"column":0},"end":{"line":18,"column":41}},"18":{"start":{"line":19,"column":0},"end":{"line":19,"column":2}},"20":{"start":{"line":21,"column":0},"end":{"line":21,"column":19}},"21":{"start":{"line":22,"column":0},"end":{"line":22,"column":3}},"22":{"start":{"line":23,"column":0},"end":{"line":23,"column":24}},"23":{"start":{"line":24,"column":0},"end":{"line":24,"column":43}},"24":{"start":{"line":25,"column":0},"end":{"line":25,"column":36}},"25":{"start":{"line":26,"column":0},"end":{"line":26,"column":4}},"26":{"start":{"line":27,"column":0},"end":{"line":27,"column":3}},"27":{"start":{"line":28,"column":0},"end":{"line":28,"column":24}},"28":{"start":{"line":29,"column":0},"end":{"line":29,"column":43}},"29":{"start":{"line":30,"column":0},"end":{"line":30,"column":37}},"30":{"start":{"line":31,"column":0},"end":{"line":31,"column":4}},"31":{"start":{"line":32,"column":0},"end":{"line":32,"column":2}},"33":{"start":{"line":34,"column":0},"end":{"line":34,"column":28}},"34":{"start":{"line":35,"column":0},"end":{"line":35,"column":53}},"35":{"start":{"line":36,"column":0},"end":{"line":36,"column":62}},"36":{"start":{"line":37,"column":0},"end":{"line":37,"column":35}},"38":{"start":{"line":39,"column":0},"end":{"line":39,"column":38}},"39":{"start":{"line":40,"column":0},"end":{"line":40,"column":24}},"40":{"start":{"line":41,"column":0},"end":{"line":41,"column":33}},"41":{"start":{"line":42,"column":0},"end":{"line":42,"column":4}},"43":{"start":{"line":44,"column":0},"end":{"line":44,"column":39}},"44":{"start":{"line":45,"column":0},"end":{"line":45,"column":30}},"45":{"start":{"line":46,"column":0},"end":{"line":46,"column":57}},"46":{"start":{"line":47,"column":0},"end":{"line":47,"column":24}},"47":{"start":{"line":48,"column":0},"end":{"line":48,"column":67}},"48":{"start":{"line":49,"column":0},"end":{"line":49,"column":43}},"49":{"start":{"line":50,"column":0},"end":{"line":50,"column":5}},"50":{"start":{"line":51,"column":0},"end":{"line":51,"column":4}},"52":{"start":{"line":53,"column":0},"end":{"line":53,"column":10}},"53":{"start":{"line":54,"column":0},"end":{"line":54,"column":60}},"54":{"start":{"line":55,"column":0},"end":{"line":55,"column":11}},"55":{"start":{"line":56,"column":0},"end":{"line":56,"column":38}},"56":{"start":{"line":57,"column":0},"end":{"line":57,"column":28}},"57":{"start":{"line":58,"column":0},"end":{"line":58,"column":27}},"58":{"start":{"line":59,"column":0},"end":{"line":59,"column":53}},"59":{"start":{"line":60,"column":0},"end":{"line":60,"column":35}},"60":{"start":{"line":61,"column":0},"end":{"line":61,"column":8}},"61":{"start":{"line":62,"column":0},"end":{"line":62,"column":36}},"62":{"start":{"line":63,"column":0},"end":{"line":63,"column":55}},"64":{"start":{"line":65,"column":0},"end":{"line":65,"column":13}},"65":{"start":{"line":66,"column":0},"end":{"line":66,"column":17}},"66":{"start":{"line":67,"column":0},"end":{"line":67,"column":56}},"68":{"start":{"line":69,"column":0},"end":{"line":69,"column":15}},"69":{"start":{"line":70,"column":0},"end":{"line":70,"column":15}},"70":{"start":{"line":71,"column":0},"end":{"line":71,"column":39}},"71":{"start":{"line":72,"column":0},"end":{"line":72,"column":74}},"72":{"start":{"line":73,"column":0},"end":{"line":73,"column":12}},"73":{"start":{"line":74,"column":0},"end":{"line":74,"column":26}},"74":{"start":{"line":75,"column":0},"end":{"line":75,"column":43}},"75":{"start":{"line":76,"column":0},"end":{"line":76,"column":51}},"76":{"start":{"line":77,"column":0},"end":{"line":77,"column":52}},"77":{"start":{"line":78,"column":0},"end":{"line":78,"column":50}},"78":{"start":{"line":79,"column":0},"end":{"line":79,"column":18}},"80":{"start":{"line":81,"column":0},"end":{"line":81,"column":18}},"82":{"start":{"line":83,"column":0},"end":{"line":83,"column":43}},"83":{"start":{"line":84,"column":0},"end":{"line":84,"column":63}},"84":{"start":{"line":85,"column":0},"end":{"line":85,"column":39}},"85":{"start":{"line":86,"column":0},"end":{"line":86,"column":54}},"86":{"start":{"line":87,"column":0},"end":{"line":87,"column":45}},"87":{"start":{"line":88,"column":0},"end":{"line":88,"column":44}},"88":{"start":{"line":89,"column":0},"end":{"line":89,"column":17}},"89":{"start":{"line":90,"column":0},"end":{"line":90,"column":18}},"90":{"start":{"line":91,"column":0},"end":{"line":91,"column":20}},"92":{"start":{"line":93,"column":0},"end":{"line":93,"column":13}},"93":{"start":{"line":94,"column":0},"end":{"line":94,"column":14}},"94":{"start":{"line":95,"column":0},"end":{"line":95,"column":74}},"96":{"start":{"line":97,"column":0},"end":{"line":97,"column":15}},"97":{"start":{"line":98,"column":0},"end":{"line":98,"column":10}},"99":{"start":{"line":100,"column":0},"end":{"line":100,"column":1}},"101":{"start":{"line":102,"column":0},"end":{"line":102,"column":19}}},"s":{"1":1,"4":1,"6":1,"7":1,"8":1,"9":1,"10":1,"11":1,"13":1,"14":1,"15":1,"16":1,"17":1,"18":1,"20":1,"21":1,"22":1,"23":1,"24":1,"25":1,"26":1,"27":1,"28":1,"29":1,"30":1,"31":1,"33":13,"34":13,"35":13,"36":13,"38":13,"39":2,"40":2,"41":2,"43":13,"44":0,"45":0,"46":0,"47":0,"48":0,"49":0,"50":0,"52":13,"53":13,"54":13,"55":13,"56":13,"57":13,"58":13,"59":13,"60":13,"61":13,"62":13,"64":13,"65":13,"66":13,"68":13,"69":13,"70":13,"71":13,"72":13,"73":13,"74":2,"75":2,"76":2,"77":2,"78":2,"80":13,"82":13,"83":0,"84":0,"85":0,"86":0,"87":0,"88":0,"89":0,"90":0,"92":13,"93":13,"94":13,"96":13,"97":13,"99":13,"101":1},"branchMap":{"0":{"type":"branch","line":34,"loc":{"start":{"line":34,"column":0},"end":{"line":100,"column":1}},"locations":[{"start":{"line":34,"column":0},"end":{"line":100,"column":1}}]},"1":{"type":"branch","line":74,"loc":{"start":{"line":74,"column":11},"end":{"line":79,"column":18}},"locations":[{"start":{"line":74,"column":11},"end":{"line":79,"column":18}}]},"2":{"type":"branch","line":83,"loc":{"start":{"line":83,"column":27},"end":{"line":91,"column":20}},"locations":[{"start":{"line":83,"column":27},"end":{"line":91,"column":20}}]},"3":{"type":"branch","line":39,"loc":{"start":{"line":39,"column":27},"end":{"line":42,"column":4}},"locations":[{"start":{"line":39,"column":27},"end":{"line":42,"column":4}}]},"4":{"type":"branch","line":41,"loc":{"start":{"line":41,"column":18},"end":{"line":41,"column":33}},"locations":[{"start":{"line":41,"column":18},"end":{"line":41,"column":33}}]}},"b":{"0":[13],"1":[2],"2":[0],"3":[2],"4":[1]},"fnMap":{"0":{"name":"App","decl":{"start":{"line":34,"column":0},"end":{"line":100,"column":1}},"loc":{"start":{"line":34,"column":0},"end":{"line":100,"column":1}},"line":34},"1":{"name":"handleFormSubmit","decl":{"start":{"line":39,"column":27},"end":{"line":42,"column":4}},"loc":{"start":{"line":39,"column":27},"end":{"line":42,"column":4}},"line":39},"2":{"name":"handleNavClick","decl":{"start":{"line":44,"column":25},"end":{"line":51,"column":4}},"loc":{"start":{"line":44,"column":25},"end":{"line":51,"column":4}},"line":44}},"f":{"0":13,"1":2,"2":0}}
,"/home/orpira/Desarrollos/peñascal/CursoFrontend/libreriaComponentes/src/main.jsx": {"path":"/home/orpira/Desarrollos/peñascal/CursoFrontend/libreriaComponentes/src/main.jsx","all":true,"statementMap":{"0":{"start":{"line":1,"column":0},"end":{"line":1,"column":34}},"1":{"start":{"line":2,"column":0},"end":{"line":2,"column":45}},"2":{"start":{"line":3,"column":0},"end":{"line":3,"column":20}},"3":{"start":{"line":4,"column":0},"end":{"line":4,"column":27}},"4":{"start":{"line":5,"column":0},"end":{"line":5,"column":0}},"5":{"start":{"line":6,"column":0},"end":{"line":6,"column":51}},"6":{"start":{"line":7,"column":0},"end":{"line":7,"column":14}},"7":{"start":{"line":8,"column":0},"end":{"line":8,"column":11}},"8":{"start":{"line":9,"column":0},"end":{"line":9,"column":16}},"9":{"start":{"line":10,"column":0},"end":{"line":10,"column":1}}},"s":{"0":0,"1":0,"2":0,"3":0,"4":0,"5":0,"6":0,"7":0,"8":0,"9":0},"branchMap":{"0":{"type":"branch","line":1,"loc":{"start":{"line":1,"column":0},"end":{"line":10,"column":1}},"locations":[{"start":{"line":1,"column":0},"end":{"line":10,"column":1}}]}},"b":{"0":[0]},"fnMap":{"0":{"name":"(empty-report)","decl":{"start":{"line":1,"column":0},"end":{"line":10,"column":1}},"loc":{"start":{"line":1,"column":0},"end":{"line":10,"column":1}},"line":1}},"f":{"0":0}}
,"/home/orpira/Desarrollos/peñascal/CursoFrontend/libreriaComponentes/src/components/Card/Card.jsx": {"path":"/home/orpira/Desarrollos/peñascal/CursoFrontend/libreriaComponentes/src/components/Card/Card.jsx","all":false,"statementMap":{"0":{"start":{"line":1,"column":0},"end":{"line":1,"column":40}},"1":{"start":{"line":2,"column":0},"end":{"line":2,"column":39}},"3":{"start":{"line":4,"column":0},"end":{"line":4,"column":54}},"4":{"start":{"line":5,"column":0},"end":{"line":5,"column":48}},"6":{"start":{"line":7,"column":0},"end":{"line":7,"column":10}},"7":{"start":{"line":8,"column":0},"end":{"line":8,"column":8}},"8":{"start":{"line":9,"column":0},"end":{"line":9,"column":65}},"9":{"start":{"line":10,"column":0},"end":{"line":10,"column":43}},"10":{"start":{"line":11,"column":0},"end":{"line":11,"column":44}},"11":{"start":{"line":12,"column":0},"end":{"line":12,"column":23}},"13":{"start":{"line":14,"column":0},"end":{"line":14,"column":62}},"14":{"start":{"line":15,"column":0},"end":{"line":15,"column":47}},"15":{"start":{"line":16,"column":0},"end":{"line":16,"column":49}},"16":{"start":{"line":17,"column":0},"end":{"line":17,"column":10}},"18":{"start":{"line":19,"column":0},"end":{"line":19,"column":2}},"20":{"start":{"line":21,"column":0},"end":{"line":21,"column":20}}},"s":{"0":1,"1":1,"3":1,"4":2,"6":2,"7":2,"8":2,"9":2,"10":2,"11":2,"13":2,"14":2,"15":2,"16":2,"18":2,"20":1},"branchMap":{"0":{"type":"branch","line":4,"loc":{"start":{"line":4,"column":13},"end":{"line":19,"column":2}},"locations":[{"start":{"line":4,"column":13},"end":{"line":19,"column":2}}]},"1":{"type":"branch","line":9,"loc":{"start":{"line":9,"column":35},"end":{"line":9,"column":60}},"locations":[{"start":{"line":9,"column":35},"end":{"line":9,"column":60}}]}},"b":{"0":[2],"1":[0]},"fnMap":{"0":{"name":"Card","decl":{"start":{"line":4,"column":13},"end":{"line":19,"column":2}},"loc":{"start":{"line":4,"column":13},"end":{"line":19,"column":2}},"line":4},"1":{"name":"onMouseEnter","decl":{"start":{"line":10,"column":20},"end":{"line":10,"column":43}},"loc":{"start":{"line":10,"column":20},"end":{"line":10,"column":43}},"line":10},"2":{"name":"onMouseLeave","decl":{"start":{"line":11,"column":20},"end":{"line":11,"column":44}},"loc":{"start":{"line":11,"column":20},"end":{"line":11,"column":44}},"line":11}},"f":{"0":2,"1":0,"2":0}}
,"/home/orpira/Desarrollos/peñascal/CursoFrontend/libreriaComponentes/src/components/Footer/Footer.jsx": {"path":"/home/orpira/Desarrollos/peñascal/CursoFrontend/libreriaComponentes/src/components/Footer/Footer.jsx","all":false,"statementMap":{"0":{"start":{"line":1,"column":0},"end":{"line":1,"column":26}},"2":{"start":{"line":3,"column":0},"end":{"line":3,"column":34}},"3":{"start":{"line":4,"column":0},"end":{"line":4,"column":62}},"4":{"start":{"line":5,"column":0},"end":{"line":5,"column":52}},"5":{"start":{"line":6,"column":0},"end":{"line":6,"column":51}},"6":{"start":{"line":7,"column":0},"end":{"line":7,"column":47}},"7":{"start":{"line":8,"column":0},"end":{"line":8,"column":31}},"8":{"start":{"line":9,"column":0},"end":{"line":9,"column":36}},"9":{"start":{"line":10,"column":0},"end":{"line":10,"column":10}},"10":{"start":{"line":11,"column":0},"end":{"line":11,"column":14}},"11":{"start":{"line":12,"column":0},"end":{"line":12,"column":11}},"13":{"start":{"line":14,"column":0},"end":{"line":14,"column":22}}},"s":{"0":1,"2":1,"3":15,"4":15,"5":15,"6":15,"7":15,"8":15,"9":15,"10":15,"11":15,"13":1},"branchMap":{"0":{"type":"branch","line":3,"loc":{"start":{"line":3,"column":15},"end":{"line":12,"column":11}},"locations":[{"start":{"line":3,"column":15},"end":{"line":12,"column":11}}]}},"b":{"0":[15]},"fnMap":{"0":{"name":"Footer","decl":{"start":{"line":3,"column":15},"end":{"line":12,"column":11}},"loc":{"start":{"line":3,"column":15},"end":{"line":12,"column":11}},"line":3}},"f":{"0":15}}
,"/home/orpira/Desarrollos/peñascal/CursoFrontend/libreriaComponentes/src/components/Form/Form.jsx": {"path":"/home/orpira/Desarrollos/peñascal/CursoFrontend/libreriaComponentes/src/components/Form/Form.jsx","all":false,"statementMap":{"0":{"start":{"line":1,"column":0},"end":{"line":1,"column":33}},"1":{"start":{"line":2,"column":0},"end":{"line":2,"column":27}},"3":{"start":{"line":4,"column":0},"end":{"line":4,"column":47}},"4":{"start":{"line":5,"column":0},"end":{"line":5,"column":44}},"5":{"start":{"line":6,"column":0},"end":{"line":6,"column":15}},"6":{"start":{"line":7,"column":0},"end":{"line":7,"column":14}},"7":{"start":{"line":8,"column":0},"end":{"line":8,"column":17}},"8":{"start":{"line":9,"column":0},"end":{"line":9,"column":5}},"9":{"start":{"line":10,"column":0},"end":{"line":10,"column":41}},"10":{"start":{"line":11,"column":0},"end":{"line":11,"column":45}},"12":{"start":{"line":13,"column":0},"end":{"line":13,"column":31}},"13":{"start":{"line":14,"column":0},"end":{"line":14,"column":23}},"15":{"start":{"line":16,"column":0},"end":{"line":16,"column":8}},"16":{"start":{"line":17,"column":0},"end":{"line":17,"column":31}},"17":{"start":{"line":18,"column":0},"end":{"line":18,"column":30}},"18":{"start":{"line":19,"column":0},"end":{"line":19,"column":30}},"19":{"start":{"line":20,"column":0},"end":{"line":20,"column":7}},"20":{"start":{"line":21,"column":0},"end":{"line":21,"column":19}},"21":{"start":{"line":22,"column":0},"end":{"line":22,"column":46}},"22":{"start":{"line":23,"column":0},"end":{"line":23,"column":25}},"23":{"start":{"line":24,"column":0},"end":{"line":24,"column":12}},"24":{"start":{"line":25,"column":0},"end":{"line":25,"column":56}},"25":{"start":{"line":26,"column":0},"end":{"line":26,"column":21}},"26":{"start":{"line":27,"column":0},"end":{"line":27,"column":5}},"27":{"start":{"line":28,"column":0},"end":{"line":28,"column":4}},"28":{"start":{"line":29,"column":0},"end":{"line":29,"column":10}},"29":{"start":{"line":30,"column":0},"end":{"line":30,"column":60}},"30":{"start":{"line":31,"column":0},"end":{"line":31,"column":12}},"31":{"start":{"line":32,"column":0},"end":{"line":32,"column":19}},"32":{"start":{"line":33,"column":0},"end":{"line":33,"column":28}},"33":{"start":{"line":34,"column":0},"end":{"line":34,"column":31}},"34":{"start":{"line":35,"column":0},"end":{"line":35,"column":78}},"35":{"start":{"line":36,"column":0},"end":{"line":36,"column":8}},"36":{"start":{"line":37,"column":0},"end":{"line":37,"column":12}},"37":{"start":{"line":38,"column":0},"end":{"line":38,"column":20}},"38":{"start":{"line":39,"column":0},"end":{"line":39,"column":27}},"39":{"start":{"line":40,"column":0},"end":{"line":40,"column":30}},"40":{"start":{"line":41,"column":0},"end":{"line":41,"column":77}},"41":{"start":{"line":42,"column":0},"end":{"line":42,"column":8}},"42":{"start":{"line":43,"column":0},"end":{"line":43,"column":12}},"43":{"start":{"line":44,"column":0},"end":{"line":44,"column":23}},"44":{"start":{"line":45,"column":0},"end":{"line":45,"column":32}},"45":{"start":{"line":46,"column":0},"end":{"line":46,"column":33}},"46":{"start":{"line":47,"column":0},"end":{"line":47,"column":80}},"47":{"start":{"line":48,"column":0},"end":{"line":48,"column":8}},"48":{"start":{"line":49,"column":0},"end":{"line":49,"column":43}},"49":{"start":{"line":50,"column":0},"end":{"line":50,"column":74}},"50":{"start":{"line":51,"column":0},"end":{"line":51,"column":19}},"51":{"start":{"line":52,"column":0},"end":{"line":52,"column":12}},"52":{"start":{"line":53,"column":0},"end":{"line":53,"column":39}},"53":{"start":{"line":54,"column":0},"end":{"line":54,"column":50}},"55":{"start":{"line":56,"column":0},"end":{"line":56,"column":19}},"56":{"start":{"line":57,"column":0},"end":{"line":57,"column":14}},"58":{"start":{"line":59,"column":0},"end":{"line":59,"column":11}},"60":{"start":{"line":61,"column":0},"end":{"line":61,"column":2}},"61":{"start":{"line":62,"column":0},"end":{"line":62,"column":20}}},"s":{"0":1,"1":1,"3":1,"4":48,"5":48,"6":48,"7":48,"8":48,"9":48,"10":48,"12":48,"13":10,"15":10,"16":10,"17":6,"18":6,"19":10,"20":5,"21":5,"22":5,"23":5,"24":5,"25":5,"26":5,"27":10,"28":48,"29":48,"30":48,"31":48,"32":48,"33":48,"34":48,"35":48,"36":48,"37":48,"38":48,"39":48,"40":48,"41":48,"42":48,"43":48,"44":48,"45":48,"46":48,"47":48,"48":48,"49":48,"50":48,"51":5,"52":5,"53":5,"55":5,"56":5,"58":48,"60":48,"61":1},"branchMap":{"0":{"type":"branch","line":4,"loc":{"start":{"line":4,"column":13},"end":{"line":61,"column":2}},"locations":[{"start":{"line":4,"column":13},"end":{"line":61,"column":2}}]},"1":{"type":"branch","line":50,"loc":{"start":{"line":50,"column":7},"end":{"line":50,"column":74}},"locations":[{"start":{"line":50,"column":7},"end":{"line":50,"column":74}}]},"2":{"type":"branch","line":51,"loc":{"start":{"line":51,"column":7},"end":{"line":57,"column":14}},"locations":[{"start":{"line":51,"column":7},"end":{"line":57,"column":14}}]},"3":{"type":"branch","line":13,"loc":{"start":{"line":13,"column":23},"end":{"line":28,"column":4}},"locations":[{"start":{"line":13,"column":23},"end":{"line":28,"column":4}}]},"4":{"type":"branch","line":17,"loc":{"start":{"line":17,"column":27},"end":{"line":18,"column":30}},"locations":[{"start":{"line":17,"column":27},"end":{"line":18,"column":30}}]},"5":{"type":"branch","line":18,"loc":{"start":{"line":18,"column":26},"end":{"line":19,"column":30}},"locations":[{"start":{"line":18,"column":26},"end":{"line":19,"column":30}}]},"6":{"type":"branch","line":20,"loc":{"start":{"line":20,"column":6},"end":{"line":27,"column":5}},"locations":[{"start":{"line":20,"column":6},"end":{"line":27,"column":5}}]},"7":{"type":"branch","line":35,"loc":{"start":{"line":35,"column":18},"end":{"line":35,"column":78}},"locations":[{"start":{"line":35,"column":18},"end":{"line":35,"column":78}}]},"8":{"type":"branch","line":41,"loc":{"start":{"line":41,"column":18},"end":{"line":41,"column":77}},"locations":[{"start":{"line":41,"column":18},"end":{"line":41,"column":77}}]},"9":{"type":"branch","line":47,"loc":{"start":{"line":47,"column":18},"end":{"line":47,"column":80}},"locations":[{"start":{"line":47,"column":18},"end":{"line":47,"column":80}}]}},"b":{"0":[48],"1":[5],"2":[5],"3":[10],"4":[6],"5":[6],"6":[5],"7":[7],"8":[7],"9":[5]},"fnMap":{"0":{"name":"Form","decl":{"start":{"line":4,"column":13},"end":{"line":61,"column":2}},"loc":{"start":{"line":4,"column":13},"end":{"line":61,"column":2}},"line":4},"1":{"name":"handleSubmit","decl":{"start":{"line":13,"column":23},"end":{"line":28,"column":4}},"loc":{"start":{"line":13,"column":23},"end":{"line":28,"column":4}},"line":13},"2":{"name":"onChange","decl":{"start":{"line":35,"column":18},"end":{"line":35,"column":78}},"loc":{"start":{"line":35,"column":18},"end":{"line":35,"column":78}},"line":35},"3":{"name":"onChange","decl":{"start":{"line":41,"column":18},"end":{"line":41,"column":77}},"loc":{"start":{"line":41,"column":18},"end":{"line":41,"column":77}},"line":41},"4":{"name":"onChange","decl":{"start":{"line":47,"column":18},"end":{"line":47,"column":80}},"loc":{"start":{"line":47,"column":18},"end":{"line":47,"column":80}},"line":47}},"f":{"0":48,"1":10,"2":7,"3":7,"4":5}}
,"/home/orpira/Desarrollos/peñascal/CursoFrontend/libreriaComponentes/src/components/Head/Head.jsx": {"path":"/home/orpira/Desarrollos/peñascal/CursoFrontend/libreriaComponentes/src/components/Head/Head.jsx","all":false,"statementMap":{"0":{"start":{"line":1,"column":0},"end":{"line":1,"column":39}},"1":{"start":{"line":2,"column":0},"end":{"line":2,"column":38}},"3":{"start":{"line":4,"column":0},"end":{"line":4,"column":67}},"4":{"start":{"line":5,"column":0},"end":{"line":5,"column":10}},"5":{"start":{"line":6,"column":0},"end":{"line":6,"column":89}},"6":{"start":{"line":7,"column":0},"end":{"line":7,"column":41}},"7":{"start":{"line":8,"column":0},"end":{"line":8,"column":18}},"8":{"start":{"line":9,"column":0},"end":{"line":9,"column":14}},"9":{"start":{"line":10,"column":0},"end":{"line":10,"column":22}},"10":{"start":{"line":11,"column":0},"end":{"line":11,"column":22}},"11":{"start":{"line":12,"column":0},"end":{"line":12,"column":51}},"12":{"start":{"line":13,"column":0},"end":{"line":13,"column":51}},"13":{"start":{"line":14,"column":0},"end":{"line":14,"column":12}},"15":{"start":{"line":16,"column":0},"end":{"line":16,"column":55}},"16":{"start":{"line":17,"column":0},"end":{"line":17,"column":12}},"17":{"start":{"line":18,"column":0},"end":{"line":18,"column":54}},"18":{"start":{"line":19,"column":0},"end":{"line":19,"column":71}},"19":{"start":{"line":20,"column":0},"end":{"line":20,"column":13}},"21":{"start":{"line":22,"column":0},"end":{"line":22,"column":2}},"23":{"start":{"line":24,"column":0},"end":{"line":24,"column":20}}},"s":{"0":1,"1":1,"3":1,"4":16,"5":16,"6":16,"7":16,"8":13,"9":13,"10":13,"11":13,"12":13,"13":13,"15":16,"16":16,"17":16,"18":16,"19":16,"21":16,"23":1},"branchMap":{"0":{"type":"branch","line":4,"loc":{"start":{"line":4,"column":13},"end":{"line":22,"column":2}},"locations":[{"start":{"line":4,"column":13},"end":{"line":22,"column":2}}]},"1":{"type":"branch","line":8,"loc":{"start":{"line":8,"column":9},"end":{"line":14,"column":12}},"locations":[{"start":{"line":8,"column":9},"end":{"line":14,"column":12}}]},"2":{"type":"branch","line":19,"loc":{"start":{"line":19,"column":7},"end":{"line":19,"column":71}},"locations":[{"start":{"line":19,"column":7},"end":{"line":19,"column":71}}]}},"b":{"0":[16],"1":[13],"2":[1]},"fnMap":{"0":{"name":"Head","decl":{"start":{"line":4,"column":13},"end":{"line":22,"column":2}},"loc":{"start":{"line":4,"column":13},"end":{"line":22,"column":2}},"line":4}},"f":{"0":16}}
,"/home/orpira/Desarrollos/peñascal/CursoFrontend/libreriaComponentes/src/components/Navbar/Navbar.jsx": {"path":"/home/orpira/Desarrollos/peñascal/CursoFrontend/libreriaComponentes/src/components/Navbar/Navbar.jsx","all":false,"statementMap":{"0":{"start":{"line":1,"column":0},"end":{"line":1,"column":33}},"1":{"start":{"line":2,"column":0},"end":{"line":2,"column":29}},"3":{"start":{"line":4,"column":0},"end":{"line":4,"column":59}},"4":{"start":{"line":5,"column":0},"end":{"line":5,"column":46}},"6":{"start":{"line":7,"column":0},"end":{"line":7,"column":10}},"7":{"start":{"line":8,"column":0},"end":{"line":8,"column":59}},"8":{"start":{"line":9,"column":0},"end":{"line":9,"column":13}},"9":{"start":{"line":10,"column":0},"end":{"line":10,"column":55}},"10":{"start":{"line":11,"column":0},"end":{"line":11,"column":42}},"11":{"start":{"line":12,"column":0},"end":{"line":12,"column":16}},"13":{"start":{"line":14,"column":0},"end":{"line":14,"column":10}},"14":{"start":{"line":15,"column":0},"end":{"line":15,"column":27}},"15":{"start":{"line":16,"column":0},"end":{"line":16,"column":30}},"16":{"start":{"line":17,"column":0},"end":{"line":17,"column":47}},"18":{"start":{"line":19,"column":0},"end":{"line":19,"column":30}},"19":{"start":{"line":20,"column":0},"end":{"line":20,"column":12}},"20":{"start":{"line":21,"column":0},"end":{"line":21,"column":27}},"21":{"start":{"line":22,"column":0},"end":{"line":22,"column":28}},"22":{"start":{"line":23,"column":0},"end":{"line":23,"column":57}},"24":{"start":{"line":25,"column":0},"end":{"line":25,"column":24}},"25":{"start":{"line":26,"column":0},"end":{"line":26,"column":14}},"26":{"start":{"line":27,"column":0},"end":{"line":27,"column":11}},"27":{"start":{"line":28,"column":0},"end":{"line":28,"column":12}},"28":{"start":{"line":29,"column":0},"end":{"line":29,"column":10}},"30":{"start":{"line":31,"column":0},"end":{"line":31,"column":2}},"31":{"start":{"line":32,"column":0},"end":{"line":32,"column":22}}},"s":{"0":1,"1":1,"3":1,"4":18,"6":18,"7":18,"8":18,"9":18,"10":18,"11":18,"13":18,"14":18,"15":18,"16":18,"18":18,"19":58,"20":58,"21":58,"22":58,"24":58,"25":58,"26":18,"27":18,"28":18,"30":18,"31":1},"branchMap":{"0":{"type":"branch","line":4,"loc":{"start":{"line":4,"column":15},"end":{"line":31,"column":2}},"locations":[{"start":{"line":4,"column":15},"end":{"line":31,"column":2}}]},"1":{"type":"branch","line":10,"loc":{"start":{"line":10,"column":32},"end":{"line":10,"column":50}},"locations":[{"start":{"line":10,"column":32},"end":{"line":10,"column":50}}]},"2":{"type":"branch","line":16,"loc":{"start":{"line":16,"column":10},"end":{"line":16,"column":28}},"locations":[{"start":{"line":16,"column":10},"end":{"line":16,"column":28}}]},"3":{"type":"branch","line":19,"loc":{"start":{"line":19,"column":19},"end":{"line":26,"column":14}},"locations":[{"start":{"line":19,"column":19},"end":{"line":26,"column":14}}]},"4":{"type":"branch","line":23,"loc":{"start":{"line":23,"column":21},"end":{"line":23,"column":57}},"locations":[{"start":{"line":23,"column":21},"end":{"line":23,"column":57}}]}},"b":{"0":[18],"1":[0],"2":[0],"3":[58],"4":[1]},"fnMap":{"0":{"name":"Navbar","decl":{"start":{"line":4,"column":15},"end":{"line":31,"column":2}},"loc":{"start":{"line":4,"column":15},"end":{"line":31,"column":2}},"line":4},"1":{"name":"onClick","decl":{"start":{"line":11,"column":17},"end":{"line":11,"column":42}},"loc":{"start":{"line":11,"column":17},"end":{"line":11,"column":42}},"line":11},"2":{"name":"onClick","decl":{"start":{"line":23,"column":21},"end":{"line":23,"column":57}},"loc":{"start":{"line":23,"column":21},"end":{"line":23,"column":57}},"line":23}},"f":{"0":18,"1":0,"2":1}}
}
